生成启动时间为 2022/3/27 11:34:06。
     1>项目“D:\c语言练习库\新手小白\test_3_27_morning\test_3_27_morning\test_3_27_morning.vcxproj”在节点 2 上(build 个目标)。
     1>InitializeBuildStatus:
         正在对“Debug\test_3_27_morning.unsuccessfulbuild”执行 Touch 任务。
       ClCompile:
         所有输出均为最新。
       Link:
         D:\c语言练习库\VC\bin\link.exe /ERRORREPORT:PROMPT /OUT:"D:\c语言练习库\新手小白\test_3_27_morning\Debug\test_3_27_morning.exe" /NOLOGO kernel32.lib user32.lib gdi32.lib winspool.lib comdlg32.lib advapi32.lib shell32.lib ole32.lib oleaut32.lib uuid.lib odbc32.lib odbccp32.lib /MANIFEST /ManifestFile:"Debug\test_3_27_morning.exe.intermediate.manifest" /MANIFESTUAC:"level='asInvoker' uiAccess='false'" /DEBUG /PDB:"D:\c语言练习库\新手小白\test_3_27_morning\Debug\test_3_27_morning.pdb" /SUBSYSTEM:CONSOLE /TLBID:1 /DYNAMICBASE /NXCOMPAT /IMPLIB:"D:\c语言练习库\新手小白\test_3_27_morning\Debug\test_3_27_morning.lib" /MACHINE:X86 Debug\test.obj
         Debug\test1.obj
     1>test1.obj : error LNK2005: _main 已经在 test.obj 中定义
     1>D:\c语言练习库\新手小白\test_3_27_morning\Debug\test_3_27_morning.exe : fatal error LNK1169: 找到一个或多个多重定义的符号
     1>已完成生成项目“D:\c语言练习库\新手小白\test_3_27_morning\test_3_27_morning\test_3_27_morning.vcxproj”(build 个目标)的操作 - 失败。

生成失败。

已用时间 00:00:00.24
